<?xml version="1.0" encoding="UTF-8"?>
<!-- Generated by org.testng.reporters.JUnitReportReporter -->
<testsuite skipped="0" hostname="deepz_patil-PC" name="com.crm.qa.test.ContactsPageTest" tests="5" failures="0" timestamp="29 Jun 2019 07:40:18 GMT" time="112.573" errors="0">
  <testcase name="Framecheck" time="18.005" classname="com.crm.qa.test.ContactsPageTest"/>
  <testcase name="ClickonNewButton" time="20.548" classname="com.crm.qa.test.ContactsPageTest"/>
  <testcase name="validateCreatenewContatc" time="25.728" classname="com.crm.qa.test.ContactsPageTest"/>
  <testcase name="validateCreatenewContatc" time="23.651" classname="com.crm.qa.test.ContactsPageTest"/>
  <testcase name="validateCreatenewContatc" time="24.641" classname="com.crm.qa.test.ContactsPageTest"/>
</testsuite> <!-- com.crm.qa.test.ContactsPageTest -->
