<?xml version="1.0" encoding="UTF-8"?>
<!-- Generated by org.testng.reporters.JUnitReportReporter -->
<testsuite skipped="0" hostname="deepz_patil-PC" name="com.crm.qa.test.HomePageTest" tests="3" failures="0" timestamp="29 Jun 2019 07:40:19 GMT" time="34.118" errors="0">
  <testcase name="LoginTest" time="15.457" classname="com.crm.qa.test.HomePageTest"/>
  <testcase name="HomePageTitleTest" time="9.709" classname="com.crm.qa.test.HomePageTest"/>
  <testcase name="ValidateAndroidImageTest" time="8.952" classname="com.crm.qa.test.HomePageTest"/>
</testsuite> <!-- com.crm.qa.test.HomePageTest -->
