<?xml version="1.0" encoding="UTF-8"?>
<!-- Generated by org.testng.reporters.JUnitReportReporter -->
<testsuite skipped="0" hostname="deepz_patil-PC" name="com.crm.qa.test.LoginPageTest" tests="3" failures="0" timestamp="29 Jun 2019 07:40:19 GMT" time="55.048" errors="0">
  <testcase name="ContactbuttonClick" time="16.865" classname="com.crm.qa.test.LoginPageTest"/>
  <testcase name="Dealuttonclick" time="20.250" classname="com.crm.qa.test.LoginPageTest"/>
  <testcase name="userlabletest" time="17.933" classname="com.crm.qa.test.LoginPageTest"/>
</testsuite> <!-- com.crm.qa.test.LoginPageTest -->
